<<Current block>> Stake: ₳16.52M - Epoch: 5
<<Previous block>> Rewards for stakers: ₳730 - Rewards for the pool: ₳97
 
pending - about 2 hours until production 18:59:27
pending - about 2 hours until production 19:5:57
scheduled for  2019-12-19T17:54:27.000Z
scheduled for  2019-12-19T18:00:57.000Z
events.js:174
      throw er; // Unhandled 'error' event
      ^

Error: listen EADDRINUSE: address already in use :::8000
    at Server.setupListenHandle [as _listen2] (net.js:1277:14)
    at listenInCluster (net.js:1325:12)
    at Server.listen (net.js:1412:7)
    at Function.listen (/home/shelley/statsMaker/node_modules/express/lib/application.js:618:24)
    at Object.<anonymous> (/home/shelley/statsMaker/index.js:74:5)
    at Module._compile (internal/modules/cjs/loader.js:689:30)
    at Object.Module._extensions..js (internal/modules/cjs/loader.js:700:10)
    at Module.load (internal/modules/cjs/loader.js:599:32)
    at tryModuleLoad (internal/modules/cjs/loader.js:538:12)
    at Function.Module._load (internal/modules/cjs/loader.js:530:3)
Emitted 'error' event at:
    at emitErrorNT (net.js:1304:8)
    at process._tickCallback (internal/process/next_tick.js:63:19)
    at Function.Module.runMain (internal/modules/cjs/loader.js:745:11)
    at startup (internal/bootstrap/node.js:283:19)
    at bootstrapNodeJSCore (internal/bootstrap/node.js:743:3)
